[0814/210402.426:INFO:CONSOLE(114)] "Event handler of 'x-storagemutated-1' event must be added on the initial evaluation of worker script.", source: https://static.whatsapp.net/rsrc.php/v4/yu/r/ZNmUhblJWCn.js (114)
[0814/210402.523:INFO:CONSOLE(0)] "Error with Permissions-Policy header: Feature xr-spatial-tracking's parameters are ignored.", source:  (0)
[0814/210402.523:INFO:CONSOLE(0)] "Error with Permissions-Policy header: Origin trial controlled feature not enabled: 'attribution-reporting'.", source:  (0)
[0814/210402.523:INFO:CONSOLE(0)] "Error with Permissions-Policy header: Unrecognized feature: 'compute-pressure'.", source:  (0)
[0814/210402.523:INFO:CONSOLE(0)] "Error with Permissions-Policy header: Origin trial controlled feature not enabled: 'interest-cohort'.", source:  (0)
[0814/210402.523:INFO:CONSOLE(0)] "Error with Permissions-Policy header: Unrecognized feature: 'private-state-token-issuance'.", source:  (0)
[0814/210402.523:INFO:CONSOLE(0)] "Error with Permissions-Policy header: Origin trial controlled feature not enabled: 'shared-storage'.", source:  (0)
[0814/210402.523:INFO:CONSOLE(0)] "Error with Permissions-Policy header: Unrecognized feature: 'shared-storage-select-url'.", source:  (0)
[0814/210402.523:INFO:CONSOLE(0)] "Error with Permissions-Policy header: Unrecognized feature: 'private-state-token-redemption'.", source:  (0)
[0814/210402.523:INFO:CONSOLE(0)] "Error with Permissions-Policy header: Unrecognized feature: 'unload'.", source:  (0)
[0814/210402.523:INFO:CONSOLE(0)] "Error with Permissions-Policy header: Unrecognized feature: 'window-management'.", source:  (0)
[0814/210402.524:INFO:CONSOLE(0)] "Document-Policy HTTP header: Unrecognized document policy feature name include-js-call-stacks-in-crash-reports.", source: https://web.whatsapp.com/ (0)
[0814/210402.533:WARNING:backend_impl.cc(1816)] Destroying invalid entry.
[0814/210402.534:WARNING:backend_impl.cc(1816)] Destroying invalid entry.
[0814/210402.536:WARNING:backend_impl.cc(1816)] Destroying invalid entry.
[0814/210402.536:WARNING:backend_impl.cc(1816)] Destroying invalid entry.
[0814/210402.536:WARNING:backend_impl.cc(1816)] Destroying invalid entry.
[0814/210402.537:WARNING:backend_impl.cc(1816)] Destroying invalid entry.
[0814/210402.538:WARNING:backend_impl.cc(1816)] Destroying invalid entry.
[0814/210402.539:WARNING:backend_impl.cc(1816)] Destroying invalid entry.
[0814/210402.539:WARNING:backend_impl.cc(1816)] Destroying invalid entry.
[0814/210402.541:WARNING:backend_impl.cc(1816)] Destroying invalid entry.
[0814/210404.693:INFO:CONSOLE(114)] "Event handler of 'x-storagemutated-1' event must be added on the initial evaluation of worker script.", source: https://static.whatsapp.net/rsrc.php/v4/yu/r/ZNmUhblJWCn.js (114)
[0814/210500.520:INFO:CONSOLE(114)] "Event handler of 'x-storagemutated-1' event must be added on the initial evaluation of worker script.", source: https://static.whatsapp.net/rsrc.php/v4/yu/r/ZNmUhblJWCn.js (114)
